1.8793 	ERROR 	avbin.dll failed to load.
                     Try importing psychopy.visual as the first library
                     (before anything that uses scipy)
                     and make sure that avbin is installed.
2.6210 	ERROR 	avbin.dll failed to load.
                     Try importing psychopy.visual as the first library
                     (before anything that uses scipy)
                     and make sure that avbin is installed.
6.2069 	EXP 	Created window1 = Window(allowGUI=True, allowStencil=False, autoLog=True, bitsMode=UNKNOWN, blendMode='avg', color=array([-1., -1., -1.]), colorSpace='rgb', fullscr=UNKNOWN, gamma=None, lms=UNKNOWN, monitor=<psychopy.monitors.calibTools.Monitor instance at 0x05E2AE40>, name='window1', pos=[0, 0], screen=0, size=array([1440,  900]), stereo=False, units=u'norm', useFBO=True, viewOri=0.0, viewPos=None, viewScale=None, waitBlanking=True, winType='pyglet')
6.2069 	EXP 	window1: recordFrameIntervals = False
6.3731 	EXP 	window1: recordFrameIntervals = True
6.5568 	EXP 	window1: recordFrameIntervals = False
6.6401 	EXP 	Created title = TextStim(alignHoriz='center', alignVert='center', antialias=True, autoLog=True, bold=False, color='white', colorSpace='named', contrast=1.0, depth=0.0, flipHoriz=False, flipVert=False, font='Times New Roman', fontFiles=[], height=0.1, italic=False, name='title', opacity=1.0, ori=0, pos=array([ 0. ,  0.8]), rgb=array([ 255.,  255.,  255.]), text=u'Avalia\xe7\xe3o de Qualidade Visual', units=u'norm', win=Window(...), wrapWidth=1)
6.6556 	EXP 	Created question = TextStim(alignHoriz='center', alignVert='center', antialias=True, autoLog=True, bold=False, color='white', colorSpace='named', contrast=1.0, depth=-1.0, flipHoriz=False, flipVert=False, font='Times New Roman', fontFiles=[], height=0.1, italic=False, name='question', opacity=1.0, ori=0, pos=array([ 0.,  0.]), rgb=array([ 255.,  255.,  255.]), text=unicode(...), units=u'norm', win=Window(...), wrapWidth=1)
6.6679 	EXP 	Created goon = TextStim(alignHoriz='center', alignVert='center', antialias=True, autoLog=True, bold=False, color='white', colorSpace='named', contrast=1.0, depth=-3.0, flipHoriz=False, flipVert=False, font='Times New Roman', fontFiles=[], height=0.1, italic=False, name='goon', opacity=1.0, ori=0, pos=array([ 0. , -0.9]), rgb=array([ 255.,  255.,  255.]), text=u'Aperte qualquer tecla para continuar...', units=u'norm', win=Window(...), wrapWidth=1)
6.6717 	EXP 	Created image = ImageStim(autoLog=True, color=array([ 1.,  1.,  1.]), colorSpace='rgb', contrast=1.0, depth=0.0, flipHoriz=False, flipVert=False, image='sin', interpolate=True, mask=None, maskParams=None, name='image', opacity=1.0, ori=0.0, pos=array([-325.,    0.]), size=array([ 512.,  512.]), texRes=128, units='pix', win=Window(...))
6.6739 	EXP 	Created image_2 = ImageStim(autoLog=True, color=array([ 1.,  1.,  1.]), colorSpace='rgb', contrast=1.0, depth=-1.0, flipHoriz=False, flipVert=False, image='sin', interpolate=True, mask=None, maskParams=None, name='image_2', opacity=1.0, ori=0.0, pos=array([ 325.,    0.]), size=array([ 512.,  512.]), texRes=128, units='pix', win=Window(...))
6.6814 	EXP 	Created text = TextStim(alignHoriz='center', alignVert='center', antialias=True, autoLog=True, bold=False, color='white', colorSpace='named', contrast=1.0, depth=-2.0, flipHoriz=False, flipVert=False, font='Times New Roman', fontFiles=[], height=0.08, italic=False, name='text', opacity=1.0, ori=0, pos=array([ 0.45,  0.8 ]), rgb=array([ 255.,  255.,  255.]), text=u'Imagem de Teste', units=u'norm', win=Window(...), wrapWidth=1)
6.6865 	EXP 	Created text_2 = TextStim(alignHoriz='center', alignVert='center', antialias=True, autoLog=True, bold=False, color='white', colorSpace='named', contrast=1.0, depth=-3.0, flipHoriz=False, flipVert=False, font='Times New Roman', fontFiles=[], height=0.08, italic=False, name='text_2', opacity=1.0, ori=0, pos=array([-0.45,  0.8 ]), rgb=array([ 255.,  255.,  255.]), text=u'Imagem de refer\xeancia', units=u'norm', win=Window(...), wrapWidth=1)
6.6918 	EXP 	Created text_3 = TextStim(alignHoriz='center', alignVert='center', antialias=True, autoLog=True, bold=False, color='white', colorSpace='named', contrast=1.0, depth=-4.0, flipHoriz=False, flipVert=False, font='Times New Roman', fontFiles=[], height=0.1, italic=False, name='text_3', opacity=1.0, ori=0, pos=array([ 0. ,  0.9]), rgb=array([ 255.,  255.,  255.]), text=u'Fase de aquecimento\n', units=u'norm', win=Window(...), wrapWidth=1)
6.6919 	EXP 	window1: units = 'norm'
6.7183 	EXP 	window1: units = u'norm'
6.7184 	EXP 	Created rating_2 = RatingScale(acceptKeys=['return'], acceptPreText=UNKNOWN, acceptSize=UNKNOWN, acceptText=u'accept?', autoLog=True, choices=list(...), depth=0, disappear=False, flipVert=False, high=1, kwargs=UNKNOWN, labels=list(...), leftKeys=['left'], lineColor='White', low=0, marker=ShapeStim(...), markerColor='DarkBlue', markerExpansion=UNKNOWN, markerStart=None, maxTime=0.0, minTime=0.4, mouseOnly=False, name='rating_2', noMouse=False, pos=[0.0, -0.7], precision=1, respKeys=['0', '1'], rightKeys=['right'], scale='<default>', self=UNKNOWN, showAccept=True, showValue=True, singleClick=False, size=0.6, skipKeys=['tab'], stretch=1.0, textColor='LightGray', textFont='Helvetica Bold', textSize=0.12, tickHeight=-1, tickMarks=1.0, win=Window(...))
6.7252 	EXP 	Created text_4 = TextStim(alignHoriz='center', alignVert='center', antialias=True, autoLog=True, bold=False, color='white', colorSpace='named', contrast=1.0, depth=-1.0, flipHoriz=False, flipVert=False, font='Times New Roman', fontFiles=[], height=0.1, italic=False, name='text_4', opacity=1.0, ori=0, pos=array([ 0.,  0.]), rgb=array([ 255.,  255.,  255.]), text=unicode(...), units=u'norm', win=Window(...), wrapWidth=1)
6.7280 	EXP 	Created image_ref = ImageStim(autoLog=True, color=array([ 1.,  1.,  1.]), colorSpace='rgb', contrast=1.0, depth=0.0, flipHoriz=False, flipVert=False, image='sin', interpolate=True, mask=None, maskParams=None, name='image_ref', opacity=1.0, ori=0.0, pos=array([-325.,    0.]), size=array([ 512.,  512.]), texRes=128, units='pix', win=Window(...))
6.7302 	EXP 	Created image_test = ImageStim(autoLog=True, color=array([ 1.,  1.,  1.]), colorSpace='rgb', contrast=1.0, depth=-1.0, flipHoriz=False, flipVert=False, image='sin', interpolate=True, mask=None, maskParams=None, name='image_test', opacity=1.0, ori=0.0, pos=array([ 325.,    0.]), size=array([ 512.,  512.]), texRes=128, units='pix', win=Window(...))
6.7303 	EXP 	window1: units = 'norm'
6.7463 	EXP 	window1: units = u'norm'
6.7464 	EXP 	Created rating = RatingScale(acceptKeys=['return'], acceptPreText=UNKNOWN, acceptSize=UNKNOWN, acceptText=u'accept?', autoLog=True, choices=list(...), depth=0, disappear=False, flipVert=False, high=1, kwargs=UNKNOWN, labels=list(...), leftKeys=['left'], lineColor='White', low=0, marker=ShapeStim(...), markerColor='DarkBlue', markerExpansion=UNKNOWN, markerStart=None, maxTime=0.0, minTime=0.4, mouseOnly=False, name='rating', noMouse=False, pos=[0.0, -0.7], precision=1, respKeys=['0', '1'], rightKeys=['right'], scale='<default>', self=UNKNOWN, showAccept=True, showValue=True, singleClick=False, size=0.6, skipKeys=['tab'], stretch=1.0, textColor='LightGray', textFont='Helvetica Bold', textSize=0.12, tickHeight=1.0, tickMarks=1.0, win=Window(...))
6.7509 	EXP 	Created label_ref = TextStim(alignHoriz='center', alignVert='center', antialias=True, autoLog=True, bold=False, color='white', colorSpace='named', contrast=1.0, depth=-3.0, flipHoriz=False, flipVert=False, font='Times New Roman', fontFiles=[], height=0.08, italic=False, name='label_ref', opacity=1.0, ori=0, pos=array([-0.45,  0.8 ]), rgb=array([ 255.,  255.,  255.]), text=u'Imagem de Refer\xeancia', units=u'norm', win=Window(...), wrapWidth=10)
6.7544 	EXP 	Created label_teste = TextStim(alignHoriz='center', alignVert='center', antialias=True, autoLog=True, bold=False, color='white', colorSpace='named', contrast=1.0, depth=-4.0, flipHoriz=False, flipVert=False, font='Times New Roman', fontFiles=[], height=0.08, italic=False, name='label_teste', opacity=1.0, ori=0, pos=array([ 0.45,  0.8 ]), rgb=array([ 255.,  255.,  255.]), text=u'Imagem de Teste', units=u'norm', win=Window(...), wrapWidth=1)
6.7738 	EXP 	rating_2: flipVert = False
6.7738 	EXP 	rating_2: autoLog = True
6.7738 	EXP 	rating: flipVert = False
6.7738 	EXP 	rating: autoLog = True
6.7738 	EXP 	title: autoDraw = True
6.7738 	EXP 	question: autoDraw = True
6.7738 	EXP 	goon: autoDraw = True
7.7926 	DATA 	Keypress: return
7.7997 	EXP 	Imported trial.xlsx as conditions, 3 conditions, 2 params
7.7999 	EXP 	Created sequence: random, trialTypes=3, nReps=1, seed=None
7.8003 	EXP 	New trial (rep=0, index=0): {u'Imagemteste': u'Test_9_70_jpg_soft.png', u'Imagemoriginal': u'Orig_9_soft.png'}
7.8371 	EXP 	RatingScale rating_2: reset()
7.8600 	EXP 	title: autoDraw = False
7.8600 	EXP 	question: autoDraw = False
7.8600 	EXP 	goon: autoDraw = False
7.8600 	EXP 	image: image = u'Orig_9_soft.png'
7.8600 	EXP 	image_2: image = u'Test_9_70_jpg_soft.png'
7.8600 	EXP 	image: autoDraw = True
7.8600 	EXP 	image_2: autoDraw = True
7.8600 	EXP 	text: autoDraw = True
7.8600 	EXP 	text_2: autoDraw = True
7.8600 	EXP 	text_3: autoDraw = True
7.8600 	EXP 	rating_2: autoDraw = True
8.9448 	DATA 	Keypress: 0
9.8844 	DATA 	Keypress: 1
10.4140 	DATA 	Keypress: 0
10.7314 	DATA 	Keypress: 1
11.0541 	DATA 	Keypress: 0
11.3325 	DATA 	Keypress: 1
12.1507 	DATA 	Keypress: 0
12.4393 	DATA 	Keypress: 1
12.7402 	DATA 	Keypress: 0
13.1241 	DATA 	Keypress: 1
14.0543 	DATA 	Keypress: escape
